{
  "stats": {
    "suites": 1,
    "tests": 8,
    "passes": 8,
    "pending": 0,
    "failures": 0,
    "start": "2021-10-25T00:05:30.720Z",
    "end": "2021-10-25T00:05:40.457Z",
    "duration": 9737,
    "testsRegistered": 8,
    "passPercent": 100,
    "pendingPercent": 0,
    "other": 0,
    "hasOther": false,
    "skipped": 0,
    "hasSkipped": false
  },
  "results": [
    {
      "uuid": "f27abf10-7c9c-49a4-be81-d519587c632e",
      "title": "",
      "fullFile": "cypress/tests/sign-in.spec.js",
      "file": "cypress/tests/sign-in.spec.js",
      "beforeHooks": [],
      "afterHooks": [],
      "tests": [],
      "suites": [
        {
          "uuid": "8424f6ec-66ac-49ec-b26a-d4970e7e6d89",
          "title": "Validar cenário de login na aplicação",
          "fullFile": "",
          "file": "",
          "beforeHooks": [],
          "afterHooks": [],
          "tests": [
            {
              "title": "1) Clicar no botão Sign in com os campos vazios",
              "fullTitle": "Validar cenário de login na aplicação 1) Clicar no botão Sign in com os campos vazios",
              "timedOut": null,
              "duration": 1886,
              "state": "passed",
              "speed": "slow",
              "pass": true,
              "fail": false,
              "pending": false,
              "context": null,
              "code": "cy.intercept({\n  method: 'POST',\n  path: '/api/users/login'\n}, {\n  /* RouteHandler */\n  statusCode: 422,\n  fixture: 'email-blank.json'\n}).as('postLogin');\ncy.visit('login');\ncy.get('[placeholder=Email]');\ncy.get('[placeholder=Password]');\ncy.get('button.btn-primary').click();\ncy.contains(\"email can't be blank\").should('be.visible');",
              "err": {},
              "uuid": "c0ff2a48-bce5-4b62-92c3-d05de0ff83d0",
              "parentUUID": "8424f6ec-66ac-49ec-b26a-d4970e7e6d89",
              "isHook": false,
              "skipped": false
            },
            {
              "title": "2) Pressionar <enter> no campo de e-mail",
              "fullTitle": "Validar cenário de login na aplicação 2) Pressionar <enter> no campo de e-mail",
              "timedOut": null,
              "duration": 367,
              "state": "passed",
              "speed": "slow",
              "pass": true,
              "fail": false,
              "pending": false,
              "context": null,
              "code": "cy.intercept({\n  method: 'POST',\n  path: '/api/users/login'\n}, {\n  /* RouteHandler */\n  statusCode: 422,\n  fixture: 'email-blank.json'\n}).as('postLogin');\ncy.visit('login');\ncy.get('input[type=email]').type('{enter}');\ncy.get('input[type=password]');\ncy.get('button[type=submit]');\ncy.contains(\"email can't be blank\").should('be.visible');",
              "err": {},
              "uuid": "a1064a83-f411-44ca-8815-758d8eb84dd3",
              "parentUUID": "8424f6ec-66ac-49ec-b26a-d4970e7e6d89",
              "isHook": false,
              "skipped": false
            },
            {
              "title": "3) Preencher o campo de e-mail e clicar no botão Sign in",
              "fullTitle": "Validar cenário de login na aplicação 3) Preencher o campo de e-mail e clicar no botão Sign in",
              "timedOut": null,
              "duration": 915,
              "state": "passed",
              "speed": "slow",
              "pass": true,
              "fail": false,
              "pending": false,
              "context": null,
              "code": "cy.intercept({\n  method: 'POST',\n  path: '/api/users/login'\n}, {\n  /* RouteHandler */\n  statusCode: 422,\n  fixture: 'password-blank.json'\n}).as('postLogin');\ncy.visit('login');\ncy.get('input[type=email]').type('DesafioChapterV@test.com');\ncy.get('input[type=password]');\ncy.get('button[type=submit]').click();\ncy.contains(\"password can't be blank\").should('be.visible');",
              "err": {},
              "uuid": "d340e142-11ba-48ba-8f3d-92e3f78d2df6",
              "parentUUID": "8424f6ec-66ac-49ec-b26a-d4970e7e6d89",
              "isHook": false,
              "skipped": false
            },
            {
              "title": "4) Preencher o campo de e-mail e pressionar <enter> no campo de e-mail",
              "fullTitle": "Validar cenário de login na aplicação 4) Preencher o campo de e-mail e pressionar <enter> no campo de e-mail",
              "timedOut": null,
              "duration": 873,
              "state": "passed",
              "speed": "slow",
              "pass": true,
              "fail": false,
              "pending": false,
              "context": null,
              "code": "cy.intercept({\n  method: 'POST',\n  path: '/api/users/login'\n}, {\n  /* RouteHandler */\n  statusCode: 422,\n  fixture: 'password-blank.json'\n}).as('postLogin');\ncy.visit('login');\ncy.get('input[type=email]').type('DesafioChapterV@test.com{enter}');\ncy.get('input[type=password]');\ncy.get('button[type=submit]');\ncy.contains(\"password can't be blank\").should('be.visible');",
              "err": {},
              "uuid": "dc13da70-10c9-4c3c-94dc-1de9b734fb80",
              "parentUUID": "8424f6ec-66ac-49ec-b26a-d4970e7e6d89",
              "isHook": false,
              "skipped": false
            },
            {
              "title": "5) Informar e-mail não cadastrado e senha cadastrada",
              "fullTitle": "Validar cenário de login na aplicação 5) Informar e-mail não cadastrado e senha cadastrada",
              "timedOut": null,
              "duration": 1247,
              "state": "passed",
              "speed": "slow",
              "pass": true,
              "fail": false,
              "pending": false,
              "context": null,
              "code": "cy.intercept({\n  method: 'POST',\n  path: '/api/users/login'\n}, {\n  /* RouteHandler */\n  statusCode: 422,\n  fixture: 'email-password.json'\n}).as('postLogin');\ncy.visit('login');\ncy.get('input[type=email]').type('ChapterV_Desafio@test.com');\ncy.get('input[type=password]').type('123456');\ncy.get('button[type=submit]').click();\ncy.contains('email or password is invalid').should('be.visible');",
              "err": {},
              "uuid": "3ce9688a-7937-4bb4-a95e-66a6ab1e0702",
              "parentUUID": "8424f6ec-66ac-49ec-b26a-d4970e7e6d89",
              "isHook": false,
              "skipped": false
            },
            {
              "title": "6) Informar e-mail válido e senha não cadastrada",
              "fullTitle": "Validar cenário de login na aplicação 6) Informar e-mail válido e senha não cadastrada",
              "timedOut": null,
              "duration": 1090,
              "state": "passed",
              "speed": "slow",
              "pass": true,
              "fail": false,
              "pending": false,
              "context": null,
              "code": "cy.intercept({\n  method: 'POST',\n  path: '/api/users/login'\n}, {\n  /* RouteHandler */\n  statusCode: 422,\n  fixture: 'email-password.json'\n}).as('postLogin');\ncy.visit('login');\ncy.get('input[type=email]').type('DesafioChapterV@test.com');\ncy.get('input[type=password]').type('654321');\ncy.get('button[type=submit]').click();\ncy.contains('email or password is invalid').should('be.visible');",
              "err": {},
              "uuid": "053e8094-5f69-46af-8c6e-18e87d0e946d",
              "parentUUID": "8424f6ec-66ac-49ec-b26a-d4970e7e6d89",
              "isHook": false,
              "skipped": false
            },
            {
              "title": "7) Preencher email e senha válidos e clicar no botão Sign in",
              "fullTitle": "Validar cenário de login na aplicação 7) Preencher email e senha válidos e clicar no botão Sign in",
              "timedOut": null,
              "duration": 1843,
              "state": "passed",
              "speed": "slow",
              "pass": true,
              "fail": false,
              "pending": false,
              "context": null,
              "code": "cy.visit('login');\ncy.get('input[type=email]').type('DesafioChapterV@test.com');\ncy.get('input[type=password]').type('123456');\ncy.get('button[type=submit]').click();\ncy.contains('No articles are here... yet.').should('be.visible');",
              "err": {},
              "uuid": "1d967b46-3e5d-4bc6-abaf-fd84de8f42d2",
              "parentUUID": "8424f6ec-66ac-49ec-b26a-d4970e7e6d89",
              "isHook": false,
              "skipped": false
            },
            {
              "title": "8) Preencher email e senha válidos e pressionar <enter>",
              "fullTitle": "Validar cenário de login na aplicação 8) Preencher email e senha válidos e pressionar <enter>",
              "timedOut": null,
              "duration": 1413,
              "state": "passed",
              "speed": "slow",
              "pass": true,
              "fail": false,
              "pending": false,
              "context": null,
              "code": "cy.visit('login');\ncy.get('input[type=email]').type('DesafioChapterV@test.com');\ncy.get('input[type=password]').type('123456');\ncy.get('button[type=submit]').click();\ncy.contains('No articles are here... yet.').should('be.visible');",
              "err": {},
              "uuid": "9fd959d5-68a2-4c07-9ef6-cc985267532b",
              "parentUUID": "8424f6ec-66ac-49ec-b26a-d4970e7e6d89",
              "isHook": false,
              "skipped": false
            }
          ],
          "suites": [],
          "passes": [
            "c0ff2a48-bce5-4b62-92c3-d05de0ff83d0",
            "a1064a83-f411-44ca-8815-758d8eb84dd3",
            "d340e142-11ba-48ba-8f3d-92e3f78d2df6",
            "dc13da70-10c9-4c3c-94dc-1de9b734fb80",
            "3ce9688a-7937-4bb4-a95e-66a6ab1e0702",
            "053e8094-5f69-46af-8c6e-18e87d0e946d",
            "1d967b46-3e5d-4bc6-abaf-fd84de8f42d2",
            "9fd959d5-68a2-4c07-9ef6-cc985267532b"
          ],
          "failures": [],
          "pending": [],
          "skipped": [],
          "duration": 9634,
          "root": false,
          "rootEmpty": false,
          "_timeout": 2000
        }
      ],
      "passes": [],
      "failures": [],
      "pending": [],
      "skipped": [],
      "duration": 0,
      "root": true,
      "rootEmpty": true,
      "_timeout": 2000
    }
  ],
  "meta": {
    "mocha": {
      "version": "7.0.1"
    },
    "mochawesome": {
      "options": {
        "quiet": true,
        "reportFilename": "mochawesome",
        "saveHtml": false,
        "saveJson": true,
        "consoleReporter": "spec",
        "useInlineDiffs": false,
        "code": true
      },
      "version": "6.3.1"
    },
    "marge": {
      "options": {
        "id": "default",
        "reportDir": "mochawesome-report",
        "quiet": true,
        "overwrite": false,
        "html": false,
        "json": true
      },
      "version": "5.2.0"
    }
  }
}