{
  "stats": {
    "suites": 1,
    "tests": 8,
    "passes": 8,
    "pending": 0,
    "failures": 0,
    "start": "2021-10-24T23:57:10.696Z",
    "end": "2021-10-24T23:57:20.860Z",
    "duration": 10164,
    "testsRegistered": 8,
    "passPercent": 100,
    "pendingPercent": 0,
    "other": 0,
    "hasOther": false,
    "skipped": 0,
    "hasSkipped": false
  },
  "results": [
    {
      "uuid": "bbc0d128-6cc6-4790-8ea9-d77af53ee707",
      "title": "",
      "fullFile": "cypress/tests/sign-in.spec.js",
      "file": "cypress/tests/sign-in.spec.js",
      "beforeHooks": [],
      "afterHooks": [],
      "tests": [],
      "suites": [
        {
          "uuid": "5e9e884f-ba95-4f68-a69d-cbca0547e206",
          "title": "Validar cenário de login na aplicação",
          "fullFile": "",
          "file": "",
          "beforeHooks": [],
          "afterHooks": [],
          "tests": [
            {
              "title": "1) Clicar no botão Sign in com os campos vazios",
              "fullTitle": "Validar cenário de login na aplicação 1) Clicar no botão Sign in com os campos vazios",
              "timedOut": null,
              "duration": 1978,
              "state": "passed",
              "speed": "slow",
              "pass": true,
              "fail": false,
              "pending": false,
              "context": null,
              "code": "cy.intercept({\n  method: 'POST',\n  path: '/api/users/login'\n}, {\n  /* RouteHandler */\n  statusCode: 422,\n  fixture: 'email-blank.json'\n}).as('postLogin');\ncy.visit('login');\ncy.get('[placeholder=Email]');\ncy.get('[placeholder=Password]');\ncy.get('button.btn-primary').click();\ncy.contains(\"email can't be blank\").should('be.visible');",
              "err": {},
              "uuid": "b4dabfbe-2b45-438f-a302-3ede4d9bff86",
              "parentUUID": "5e9e884f-ba95-4f68-a69d-cbca0547e206",
              "isHook": false,
              "skipped": false
            },
            {
              "title": "2) Pressionar <enter> no campo de e-mail",
              "fullTitle": "Validar cenário de login na aplicação 2) Pressionar <enter> no campo de e-mail",
              "timedOut": null,
              "duration": 422,
              "state": "passed",
              "speed": "slow",
              "pass": true,
              "fail": false,
              "pending": false,
              "context": null,
              "code": "cy.intercept({\n  method: 'POST',\n  path: '/api/users/login'\n}, {\n  /* RouteHandler */\n  statusCode: 422,\n  fixture: 'email-blank.json'\n}).as('postLogin');\ncy.visit('login');\ncy.get('input[type=email]').type('{enter}');\ncy.get('input[type=password]');\ncy.get('button[type=submit]');\ncy.contains(\"email can't be blank\").should('be.visible');",
              "err": {},
              "uuid": "988b06c6-2ab5-4703-97a4-fc389dc9c44f",
              "parentUUID": "5e9e884f-ba95-4f68-a69d-cbca0547e206",
              "isHook": false,
              "skipped": false
            },
            {
              "title": "3) Preencher o campo de e-mail e clicar no botão Sign in",
              "fullTitle": "Validar cenário de login na aplicação 3) Preencher o campo de e-mail e clicar no botão Sign in",
              "timedOut": null,
              "duration": 859,
              "state": "passed",
              "speed": "slow",
              "pass": true,
              "fail": false,
              "pending": false,
              "context": null,
              "code": "cy.intercept({\n  method: 'POST',\n  path: '/api/users/login'\n}, {\n  /* RouteHandler */\n  statusCode: 422,\n  fixture: 'password-blank.json'\n}).as('postLogin');\ncy.visit('login');\ncy.get('input[type=email]').type('DesafioChapterV@test.com');\ncy.get('input[type=password]');\ncy.get('button[type=submit]').click();\ncy.contains(\"password can't be blank\").should('be.visible');",
              "err": {},
              "uuid": "6b94d03c-c77e-4a40-9d73-15577d1a7c63",
              "parentUUID": "5e9e884f-ba95-4f68-a69d-cbca0547e206",
              "isHook": false,
              "skipped": false
            },
            {
              "title": "4) Preencher o campo de e-mail e pressionar <enter> no campo de e-mail",
              "fullTitle": "Validar cenário de login na aplicação 4) Preencher o campo de e-mail e pressionar <enter> no campo de e-mail",
              "timedOut": null,
              "duration": 677,
              "state": "passed",
              "speed": "slow",
              "pass": true,
              "fail": false,
              "pending": false,
              "context": null,
              "code": "cy.intercept({\n  method: 'POST',\n  path: '/api/users/login'\n}, {\n  /* RouteHandler */\n  statusCode: 422,\n  fixture: 'password-blank.json'\n}).as('postLogin');\ncy.visit('login');\ncy.get('input[type=email]').type('DesafioChapterV@test.com{enter}');\ncy.get('input[type=password]');\ncy.get('button[type=submit]');\ncy.contains(\"password can't be blank\").should('be.visible');",
              "err": {},
              "uuid": "d12b1ac0-a8b5-4019-8766-c54a4260a4d3",
              "parentUUID": "5e9e884f-ba95-4f68-a69d-cbca0547e206",
              "isHook": false,
              "skipped": false
            },
            {
              "title": "5) Informar e-mail não cadastrado e senha cadastrada",
              "fullTitle": "Validar cenário de login na aplicação 5) Informar e-mail não cadastrado e senha cadastrada",
              "timedOut": null,
              "duration": 1072,
              "state": "passed",
              "speed": "slow",
              "pass": true,
              "fail": false,
              "pending": false,
              "context": null,
              "code": "cy.intercept({\n  method: 'POST',\n  path: '/api/users/login'\n}, {\n  /* RouteHandler */\n  statusCode: 422,\n  fixture: 'email-password.json'\n}).as('postLogin');\ncy.visit('login');\ncy.get('input[type=email]').type('ChapterV_Desafio@test.com');\ncy.get('input[type=password]').type('123456');\ncy.get('button[type=submit]').click();\ncy.contains('email or password is invalid').should('be.visible');",
              "err": {},
              "uuid": "8ecdc546-9d31-45b7-bd14-a77f8161d890",
              "parentUUID": "5e9e884f-ba95-4f68-a69d-cbca0547e206",
              "isHook": false,
              "skipped": false
            },
            {
              "title": "6) Informar e-mail válido e senha não cadastrada",
              "fullTitle": "Validar cenário de login na aplicação 6) Informar e-mail válido e senha não cadastrada",
              "timedOut": null,
              "duration": 1103,
              "state": "passed",
              "speed": "slow",
              "pass": true,
              "fail": false,
              "pending": false,
              "context": null,
              "code": "cy.intercept({\n  method: 'POST',\n  path: '/api/users/login'\n}, {\n  /* RouteHandler */\n  statusCode: 422,\n  fixture: 'email-password.json'\n}).as('postLogin');\ncy.visit('login');\ncy.get('input[type=email]').type('DesafioChapterV@test.com');\ncy.get('input[type=password]').type('654321');\ncy.get('button[type=submit]').click();\ncy.contains('email or password is invalid').should('be.visible');",
              "err": {},
              "uuid": "28ac7f90-4f05-4fe2-8282-1cff70bfa6e2",
              "parentUUID": "5e9e884f-ba95-4f68-a69d-cbca0547e206",
              "isHook": false,
              "skipped": false
            },
            {
              "title": "7) Preencher email e senha válidos e clicar no botão Sign in",
              "fullTitle": "Validar cenário de login na aplicação 7) Preencher email e senha válidos e clicar no botão Sign in",
              "timedOut": null,
              "duration": 2334,
              "state": "passed",
              "speed": "slow",
              "pass": true,
              "fail": false,
              "pending": false,
              "context": null,
              "code": "cy.visit('login');\ncy.get('input[type=email]').type('DesafioChapterV@test.com');\ncy.get('input[type=password]').type('123456');\ncy.get('button[type=submit]').click();\ncy.contains('No articles are here... yet.').should('be.visible');",
              "err": {},
              "uuid": "5fafa481-f8c9-46fa-974e-4d3f64519738",
              "parentUUID": "5e9e884f-ba95-4f68-a69d-cbca0547e206",
              "isHook": false,
              "skipped": false
            },
            {
              "title": "8) Preencher email e senha válidos e pressionar <enter>",
              "fullTitle": "Validar cenário de login na aplicação 8) Preencher email e senha válidos e pressionar <enter>",
              "timedOut": null,
              "duration": 1646,
              "state": "passed",
              "speed": "slow",
              "pass": true,
              "fail": false,
              "pending": false,
              "context": null,
              "code": "cy.visit('login');\ncy.get('input[type=email]').type('DesafioChapterV@test.com');\ncy.get('input[type=password]').type('123456');\ncy.get('button[type=submit]').click();\ncy.contains('No articles are here... yet.').should('be.visible');",
              "err": {},
              "uuid": "5d74ce72-c8a8-4895-aa13-199205b8e0a4",
              "parentUUID": "5e9e884f-ba95-4f68-a69d-cbca0547e206",
              "isHook": false,
              "skipped": false
            }
          ],
          "suites": [],
          "passes": [
            "b4dabfbe-2b45-438f-a302-3ede4d9bff86",
            "988b06c6-2ab5-4703-97a4-fc389dc9c44f",
            "6b94d03c-c77e-4a40-9d73-15577d1a7c63",
            "d12b1ac0-a8b5-4019-8766-c54a4260a4d3",
            "8ecdc546-9d31-45b7-bd14-a77f8161d890",
            "28ac7f90-4f05-4fe2-8282-1cff70bfa6e2",
            "5fafa481-f8c9-46fa-974e-4d3f64519738",
            "5d74ce72-c8a8-4895-aa13-199205b8e0a4"
          ],
          "failures": [],
          "pending": [],
          "skipped": [],
          "duration": 10091,
          "root": false,
          "rootEmpty": false,
          "_timeout": 2000
        }
      ],
      "passes": [],
      "failures": [],
      "pending": [],
      "skipped": [],
      "duration": 0,
      "root": true,
      "rootEmpty": true,
      "_timeout": 2000
    }
  ],
  "meta": {
    "mocha": {
      "version": "7.0.1"
    },
    "mochawesome": {
      "options": {
        "quiet": true,
        "reportFilename": "mochawesome",
        "saveHtml": false,
        "saveJson": true,
        "consoleReporter": "spec",
        "useInlineDiffs": false,
        "code": true
      },
      "version": "6.3.1"
    },
    "marge": {
      "options": {
        "id": "default",
        "reportDir": "mochawesome-report",
        "quiet": true,
        "overwrite": false,
        "html": false,
        "json": true
      },
      "version": "5.2.0"
    }
  }
}